BAGE5	1	1
ACTR3BP6	0	0
FRG1GP	388	302
U6	0	0
LA16c-13E4.3	4	4
BNIP3P2	0	0
YME1L1P1	0	0
OR11H1	2	3
LA16c-60G3.6	167	217
LA16c-60G3.5	0	0
POTEH	58	113
RNU6-816P	0	0
LA16c-3G11.7	6	14
LINC01297	112	97
DUXAP8	29089	25387
LL22NC03-N64E9.1	0	0
LL22NC03-N14H11.1	0	0
DUXAP8	0	0
NBEAP3	760	773
LA16c-4G1.4	0	0
U6	0	0
ABCD1P4	0	0
LA16c-17H1.3	183	133
PABPC1P9	0	1
ACTR3BP2	0	0
CHEK2P4	7	14
KB-67B5.17	3	1
KB-67B5.12	42	45
TPTEP1	1409	2126
AC005301.9	0	0
KB-7G2.9	0	0
HSFY1P1	0	0
GPM6BP3	0	0
AC007064.29	0	0
AC007064.22	1	8
AC007064.24	7	23
AC006548.19	0	0
AC006548.26	0	0
CECR7	37	31
AC006946.16	0	6
AC006946.17	0	0
IL17RA	1826	2285
AC006946.15	28	16
CECR5-AS1	355	175
AC005300.5	0	0
FAM32BP	0	2
CECR9	0	0
CECR2	329	352
AC004019.10	0	0
SLC25A18	135	170
BCL2L13	6421	6029
LINC00528	2	3
RHEBP3	8	4
FLJ41941	3	1
PEX26	3773	4227
XXbac-B476C20.10	0	0
TUBA8	36	63
USP18	863	1032
GGTLC5P	9	9
AC011718.3	0	2
FAM230A	0	7
Metazoa_SRP	0	0
XXbac-B33L19.15	3	7
TMEM191B	1037	651
SCARNA17	0	0
Metazoa_SRP	0	0
PPP1R26P4	0	0
AC008132.15	4	19
E2F6P1	864	905
AC008132.13	172	246
DGCR6	1229	1424
AC007326.1	51	0
DGCR5	193	161
DGCR5	359	329
AC000095.12	0	0
DGCR9	0	0
AC000095.11	0	0
Y_RNA	6	15
AC004461.4	14	33
AC004471.9	347	319
TSSK1A	7	3
TSSK2	107	111
LINC01311	217	185
SNORA15	1	0
KRT18P62	10	3
RN7SL168P	4	15
MRPL40	1270	1160
AC000068.5	161	160
AC000068.9	79	73
AC000068.10	541	632
CDC45	3766	4978
AC000067.1	0	0
SEPT5	2078	2833
GP1BB	0	0
TBX1	148	172
AC000089.3	2914	2121
AC000078.5	40	55
COMT	6120	5709
TANGO2	2187	3229
MIR185	0	0
Metazoa_SRP	7	6
DGCR8	4230	4728
RANBP1	7269	0
SNORA77	0	166
ZDHHC8	456	633
LINC00896	52	25
XXbac-B444P24.10	162	184
XXbac-B444P24.14	45	33
AC007731.1	6	13
ZNF74	1786	1748
XXbac-B562F10.11	211	222
Y_RNA	4	4
MED15	3474	5816
IGLL4P	0	0
SLC9A3P2	0	0
POM121L4P	128	151
TMEM191A	1689	1336
SERPIND1	167	330
SNAP29	1250	1688
CRKL	8201	6913
XXbac-B135H6.15	146	116
AIFM3	640	341
LZTR1	2776	2319
THAP7-AS1	187	185
P2RX6	22	30
AC002472.11	14	14
LRRC74B	14	11
TUBA3GP	0	0
BCRP2	222	244
FAM230B	1877	2218
E2F6P3	0	0
POM121L8P	0	0
KB-1183D5.14	0	1
PPP1R26P5	0	0
KB-1183D5.18	3	3
KB-1183D5.16	0	6
RIMBP3B	364	443
RN7SKP63	0	0
HIC2	836	1485
Metazoa_SRP	2	3
TMEM191C	802	528
SCARNA17	0	1
UBE2L3	3726	5194
Metazoa_SRP	0	0
CCDC116	6	7
KB-1440D3.14	0	2
SDF2L1	751	1292
MIR130B	726	738
MIR301B	0	0
KB-1440D3.13	0	0
PPIL2	3552	4005
RNA5SP493	4	6
LL22NC03-86G7.1	2601	2838
IGLVI-70	0	0
IGLV4-69	0	0
IGLVI-68	0	0
LL22NC03-23C6.13	0	0
LL22NC03-23C6.12	0	0
IGLV10-67	0	0
LL22NC03-23C6.15	0	0
IGLVIV-66-1	0	0
IGLVV-66	0	0
IGLVIV-65	0	1
IGLVIV-64	0	0
IGLVI-63	0	0
IGLV1-62	0	0
LL22NC03-88E1.18	0	0
IGLV8-61	0	0
LL22NC03-88E1.17	0	0
LL22NC03-30E12.10	0	0
LL22NC03-30E12.11	0	0
IGLV4-60	0	0
LL22NC03-30E12.13	0	0
IGLVIV-59	0	0
IGLVV-58	0	0
BMP6P1	0	0
IGLV6-57	0	0
IGLVI-56	0	0
IGLV11-55	0	0
IGLV10-54	0	0
IGLVIV-53	0	0
VPREB1	0	0
CH17-264L24.1	90	214
LL22NC03-2H8.4	5	0
BMS1P20	2795	3148
LL22NC03-80A10.6	0	0
IGLV5-52	0	0
IGLV1-51	9	5
IGLV1-50	1	3
LL22NC03-80A10.11	0	0
IGLV9-49	0	0
LL22NC03-75A1.9	0	0
IGLV5-48	0	0
IGLV1-47	0	0
LL22NC03-22A12.9	0	0
IGLV7-46	0	0
LL22NC03-22A12.12	0	0
IGLV5-45	0	0
IGLV1-44	0	0
IGLV7-43	0	0
IGLVI-42	0	0
IGLVVII-41-1	0	0
IGLV1-41	0	7
IGLV1-40	0	0
ASH2LP1	0	0
IGLVI-38	0	0
IGLV5-37	0	0
IGLV1-36	0	0
KB-288A10.17	0	0
IGLV7-35	0	0
KB-288A10.19	0	0
LL22NC03-63E9.3	0	0
IGLV2-34	0	0
IGLV2-33	0	0
IGLV3-32	0	0
IGLV3-31	0	0
IGLV3-30	0	0
BCRP4	43	56
GGTLC2	10	6
IGLV3-29	0	0
IGLV2-28	0	0
IGLV3-27	0	0
IGLV3-26	0	0
IGLVVI-25-1	0	0
IGLV3-25	0	0
LL22NC03-102D1.16	0	0
IGLV3-24	0	0
IGLV2-23	0	0
IGLVVI-22-1	0	0
IGLV3-22	0	0
IGLV3-21	0	0
IGLVI-20	0	3
IGLV3-19	0	0
IGLV2-18	0	0
IGLV3-17	0	0
IGLV3-16	0	0
IGLV3-15	0	0
IGLV2-14	0	0
IGLV3-13	0	0
IGLV3-12	0	0
LL22NC03-24A12.8	0	0
IGLV2-11	0	0
LL22NC03-84E4.13	0	0
IGLV3-10	0	0
LL22NC03-84E4.11	0	0
IGLV3-9	0	0
IGLV2-8	0	0
LL22NC03-84E4.8	0	0
IGLV3-7	0	0
IGLV3-6	0	0
IGLV2-5	0	0
IGLV3-4	0	0
IGLV4-3	0	0
IGLV3-2	0	0
IGLV3-1	0	0
MIR5571	0	0
IGLL5	0	0
IGLJ1	0	0
IGLC1	0	0
IGLJ2	0	0
IGLC2	0	0
IGLJ3	0	0
IGLC3	0	0
IGLJ4	0	0
IGLC4	0	0
IGLJ5	0	0
IGLC5	0	0
IGLJ6	0	0
IGLC6	0	0
IGLJ7	0	0
IGLC7	0	0
AP000361.2	0	0
AP000362.1	0	0
GNAZ	841	1448
RAB36	375	634
BCR	5912	9771
FBXW4P1	0	0
AP000343.2	4	15
KB-1269D1.8	12	28
AP000344.3	121	24
AP000344.4	100	65
PCAT14	67	63
AP000345.2	1	4
KB-1572G7.5	9	10
KB-1572G7.4	2	1
RGL4	546	770
C22orf15	18	43
MMP11	385	180
SMARCB1	1790	2838
SLC2A11	1322	1215
AP000350.10	35186	15327
MIF	0	0
AP000350.6	82	61
AP000350.7	0	1
AP000350.8	1	0
KB-1125A3.10	6	0
DDTL	6173	3668
KB-226F1.2	0	0
GSTT2	33	29
CABIN1	11747	10109
KB-318B8.7	0	0
SUSD2	296	877
POM121L9P	216	237
SPECC1L	5091	7180
SPECC1L-ADORA2A	184	194
ADORA2A	0	0
UPB1	32	13
AP000355.2	0	0
SNRPD3	6407	5763
GGT1	107	83
AP000356.2	0	0
BCRP3	322	411
ARL5AP4	3	3
AP000357.4	18	51
AP000358.5	0	0
CRIP1P4	0	0
SGSM1	357	416
KIAA1671	4617	7125
CRYBB3	86	108
CTA-221G9.7	5	4
CRYBB2	80	65
IGLL3P	0	2
CTA-246H3.8	152	230
CTA-390C10.9	0	0
CRYBB2P1	914	993
MIR6817	0	0
CTA-390C10.10	0	0
GRK3	754	1042
YES1P1	0	0
MYO18B	48	60
CTA-796E4.3	0	0
SEZ6L	26	21
ASPHD2	485	411
SRRD	2031	2004
CTA-445C9.14	389	258
HMGB1P10	5757	5381
CRYBA4	6	0
MIAT	149	148
MIAT_exon1	0	0
MIAT_exon5_1	0	0
MIAT_exon5_2	0	0
MIATNB	1076	1190
MIAT_exon5_3	0	0
LINC01422	1	0
LINC01422	11	9
CTA-992D9.11	1	0
RNU6-1066P	0	0
CTA-992D9.10	0	0
CTA-992D9.9	0	0
CTA-992D9.8	0	0
CTA-992D9.7	2	3
CTA-503F6.2	0	0
CTA-929C8.5	0	0
CTA-929C8.6	0	0
CTA-929C8.8	22	6
RP1-213J1P__B.2	0	0
RP11-375H17.1	2	5
TTC28-AS1	1803	1526
TTC28-AS1_1	0	0
MIR3199-2	0	0
TTC28-AS1_2	0	0
TTC28-AS1_3	0	0
TTC28-AS1_4	0	0
Y_RNA	0	2
MIR5739	0	0
HSCB	2411	2441
CCDC117	3775	5115
CTA-292E10.6	2665	2692
CTA-292E10.8	0	0
ZNRF3	2360	4955
ZNRF3-IT1	0	0
KREMEN1	828	869
RNU6-810P	0	0
EMID1	768	978
CTA-984G1.5	259	0
EWSR1	7542	9414
GAS2L1	421	858
RFPL4AP6	0	1
AC000041.10	0	0
RFPL1	3	7
NEFH	10	13
NF2	3432	5944
RPEP4	0	0
CABP7	473	382
Y_RNA	0	2
UQCR10	4826	4800
MTMR3	6598	7227
MIR6818	0	0
HORMAD2	29	37
RP1-102K2.6	17	6
RP1-102K2.8	29	27
CCDC157	755	640
SEC14L2	1896	1391
RP4-539M6.19	6021	1766
RP4-539M6.20	0	0
RNU6-564P	0	0
MTFP1	1	0
RP4-539M6.22	0	0
RP4-539M6.18	0	0
RP4-539M6.14	241	113
SIRPAP1	0	0
RP1-56J10.8	10	7
TCN2	22	31
SLC35E4	1120	1363
OSBP2	1351	2045
MIR3200	0	0
EIF4HP2	0	0
MORC2-AS1	772	1061
TUG1	5237	8396
TUG1_1	0	0
TUG1_2	0	0
TUG1_3	0	0
TUG1_4	0	0
RP3-412A9.17	39	21
RN7SL633P	0	0
SMTN	6804	5737
RP3-412A9.12	2	0
INPP5J	171	302
RNF185	2547	2807
LIMK2	3316	3818
PIK3IP1-AS1	1695	1734
RNA5SP496	0	0
LINC01521	506	486
DRG1	6009	6403
RP11-247I13.11	0	0
SFI1	3255	3937
RP11-247I13.3	0	0
DEPDC5	2144	2588
RN7SL20P	0	0
RNU6-201P	0	0
YWHAH	4253	4245
CTA-342B11.1	7	5
CTA-342B11.2	0	0
SC22CB-1E7.1	5375	4529
SLC5A1	11	19
AP1B1P1	1	4
RP1-127L4.10	0	0
AP1B1P2	0	0
RP1-127L4.7	0	0
AL008723.1	0	0
IGLCOR22-1	0	0
RP1-90G24.10	143	135
CPSF1P1	32	33
RP1-90G24.6	0	1
RP1-90G24.11	0	3
RFPL3	14	8
RFPL3-AS1_1	0	0
RFPL3-AS1_2	0	0
RP1-149A16.3	29	28
IGLVIVOR22-2	0	0
RP1-149A16.17	16	4
RP1-149A16.16	1	7
FBXO7	4093	4011
LL22NC03-104C7.1	0	3
LL22NC01-116C6.1	3	0
TIMP3	844	692
CTA-415G2.2	0	0
RP1-302D9.2	1	5
RP1-302D9.5	0	0
RP1-302D9.3	9	9
SC22CB-1D7.1	36	40
LARGE-AS1	637	1027
LL22NC03-32F9.1	11	8
LL22NC03-86D4.1	15	27
RP1-101G11.3	2	4
ISX	9	21
CTA-714B7.7	6	13
RP3-323A16.1	203	322
CTA-714B7.4	0	0
RNU7-167P	0	0
HMGXB4	1379	1961
TOM1	1074	1213
MIR3909	0	0
CTA-286B10.7	0	1
CTA-286B10.8	2	2
HMOX1	1049	475
MCM5	7169	8585
RP4-569D19.8	0	0
RASD2	21	9
APOL6	496	386
RP1-41P2.7	1	4
MRPS16P3	0	0
APOL5	3	13
RP1-78B3.1	200	207
CTA-212A2.4	4	8
CTA-212A2.3	10	7
CTA-212A2.2	7	2
MTCO1P20	0	0
MTCO2P20	7	3
MTATP6P20	0	0
MTCO3P20	0	0
Z95114.7	0	0
MTND1P10	0	0
APOL1	50	24
RP4-633O19__A.1	36	17
RP5-1119A7.10	0	0
RP1-293L6.1	2	2
CITF22-24E5.1	0	0
NCF4	51	42
CSF2RB	27	29
LL22NC01-81G9.3	1	3
Y_RNA	6	10
MPST	5227	3948
KCTD17	1513	2186
RP5-1170K4.7	4	22
RP1-151B14.6	205	259
CYTH4	38	31
RP1-63G5.8	3	9
RP5-1177I5.3	0	0
CDC42EP1	357	605
Metazoa_SRP	2	4
GGA1	4795	4947
SH3BP1	3086	2865
PDXP	0	0
LGALS1	24916	10413
NOL12	1813	1613
RP1-37E16.12	625	164
TRIOBP	5205	5312
H1F0	5045	4586
GCAT	628	989
GALR3	2	11
EIF3L	10754	9444
RP5-1014D13.2	95	107
RNU6-900P	0	0
MICALL1	1897	2968
RP5-1039K5.12	206	249
MIR6820	1020	1399
RP5-1039K5.17	0	0
POLR2F	83	132
RP5-1039K5.18	0	0
PICK1	1681	2097
CTA-228A9.3	41	62
CTA-228A9.4	273	208
MAFF	1069	659
RP1-5O6.5	30	68
RN7SL704P	0	0
RP3-434P1.6	11	30
KDELR3	1508	1559
CBY1	1668	1232
TOMM22	3532	3709
GTPBP1	4723	4222
RP3-508I15.18	564	379
RP3-508I15.19	200	146
RP3-508I15.14	2650	2090
RP3-508I15.21	0	0
RP3-508I15.22	0	0
CTA-150C2.13	3	3
APOBEC3A	59	148
APOBEC3B	0	0
APOBEC3C	5	14
APOBEC3D	2	10
APOBEC3F	15	20
APOBEC3G	28	29
CTA-150C2.20	0	0
RP4-742C19.12	0	0
APOBEC3H	14	10
RP4-742C19.13	194	183
FUNDC2P4	1	0
RP3-333H23.8	17	13
SYNGR1	489	657
RP3-333H23.9	0	0
TAB1	1104	1266
MGAT3	315	160
MIEF1	1019	1463
ATF4	14113	9736
CACNA1I	1223	654
RP1-172B20.6	0	1
UQCRFS1P1	1316	1356
GRAP2	36	45
RP3-370M22.8	0	0
FAM83F	239	242
TNRC6B	4851	5755
ADSL	3806	4193
SGSM3	5318	4301
RP5-1042K10.13	15	6
RP5-1042K10.12	19	24
RP4-591N18.2	104	165
COX6B1P3	21	20
MCHR1	0	0
JTBP1	6	4
XPNPEP3	1547	2225
Metazoa_SRP	0	0
RNU6-379P	0	0
RBX1	3345	2922
Y_RNA	0	0
RP11-12M9.3	6361	4320
EP300	4378	6611
RNU6-375P	0	0
L3MBTL2	2178	2309
ZC3H7B	5655	6929
TEF	1717	1306
CTA-223H9.9	9	8
ACO2	6325	6852
CSDC2	461	338
XRCC6	18709	18659
RNU6-476P	2	0
C22orf46	557	633
MEI1	227	169
Y_RNA	0	0
CCDC134	461	628
SREBF2	7793	8309
MIR33A	0	0
LINC00634	60	54
SEPT3	165	179
WBP2NL	321	261
FAM109B	120	122
SMDT1	455	506
NDUFA6-AS1	1571	1861
RP4-669P10.19	0	0
RP4-669P10.20	137	142
OGFRP1	88	164
Z83851.4	45	54
CTA-989H11.1	41	43
CTA-126B4.7	2	13
SERHL	1812	1693
SERHL2	15792	11855
RNU12	108	127
RNU12	29	92
GOLGA2P4	0	6
AL022476.2	114	95
AL022237.3	1	1
BIK	4366	2098
TSPO	4693	2608
Z82214.3	0	0
Z82214.2	5	0
Z99756.1	1	1
RP4-754E20__A.5	3	1
MPPED1	13	12
EFCAB6-AS1	19	32
HMGN2P9	1	0
RP3-388M5.9	114	65
PNPLA3	564	588
SAMM50	1138	1368
RP4-796I17.5	0	0
PARVB	176	333
CTA-414D7.1	0	0
RP4-671O14.6	0	0
PARVG	4	5
RP1-32I10.10	0	4
CTA-397C4.2	0	0
KRT18P23	24	26
LINC00207	0	0
ANP32BP2	0	0
PRR5	775	1302
PRR5-ARHGAP8	3765	7211
ARHGAP8	0	0
RP1-127B20.4	10	4
NUP50	4777	5731
CTA-268H5.12	0	0
CTA-268H5.9	2	0
UPK3A	41	43
FAM118A	1162	1672
RIBC2	181	218
FBLN1	229	431
CTA-941F9.10	301	510
ATXN10	4760	6932
MIR4762	0	0
WI2-85898F10.2	44	20
CITF22-92A6.2	112	80
CITF22-92A6.1	78	49
RP6-109B7.5	12	1
PRR34-AS1	309	179
MIRLET7BHG	7141	10763
MIR3619	0	0
PPARA	402	438
RP4-695O20.1	0	0
TTC38	940	1187
GTSE1	1606	2118
TRMU	4126	3430
RP3-439F8.1	377	335
GRAMD4	4973	4627
TBC1D22A	5235	5415
RP1-111J24.1	0	0
CITF22-49D8.1	17	6
RP11-191L9.4	11849	6290
RP13-455A7.1	60	24
CTA-280A3.2	64	50
LL22NC03-27C5.1	1	0
LL22NC03-121E8.3	0	0
MIR3201	0	0
RP11-536P6.3	0	0
FAM19A5	433	850
MIR4535	0	0
LINC01310	2	7
RP1-34P24.3	0	0
CTA-722E9.1	0	0
RP4-566L20.1	0	0
RP1-29C18.10	4	12
RN7SKP252	0	0
RP3-522J7.7	72	96
RP3-522J7.5	24	37
RP11-494O16.3	0	0
Metazoa_SRP	0	0
RP11-494O16.4	34	32
ZBED4	1096	1994
CITF22-1A6.3	827	793
CRELD2	1227	1729
PIM3	12508	7215
MIR6821	0	0
MOV10L1	56	43
RP5-898I4.1	0	0
PANX2	100	273
TRABD	1999	2111
SELO	4222	4009
XX-C283C717.1	19	35
XX-C00717C00720L.1	22	24
PPP6R2	6352	8434
ADM2	33	54
MIOX	2	9
NCAPH2	4037	3816
CTA-384D8.36	0	0
CTA-384D8.34	0	1
CTA-384D8.31	0	0
KLHDC7B	0	10
CHKB-AS1	26	45
CTA-384D8.33	1	1
MAPK8IP2	397	446
Y_RNA	0	0
SHANK3	404	876
ACR	3	1
RPL23AP82	1914	1836
U2	3	0
FRG1FP	336	273
CU104787.1	2	5
5_8S_rRNA	0	0
LA16c-60D12.1	5	23
LA16c-60D12.2	9	7
ZNF72P	1	5
ARHGAP42P3	6	2
LA16c-23H5.4	0	0
LA16c-60G3.8	83	119
LA16c-60G3.7	0	0
LA16c-2F2.8	0	2
NEK2P2	7	10
LA16c-2F2.5	0	0
NF1P6	2	1
MED15P7	0	0
POTEH-AS1	3	3
GRAMD4P2	11	1
BMS1P22	8225	8157
LA16c-60H5.7	121	157
LA16c-4G1.3	0	0
SLC9B1P4	8	20
KCNMB3P1	151	157
CCT8L2	1	0
FABP5P11	15	13
SLC25A15P5	0	26
PARP4P3	72	181
ANKRD62P1-PARP4P3	144	272
ANKRD62P1	98	89
KB-7G2.8	29	119
VWFP1	166	323
AC005301.8	101	241
XKR3	23	33
ZNF402P	4	1
MTND1P17	0	0
AC007064.25	0	0
IGKV1OR22-5	0	0
IGKV2OR22-4	0	0
IGKV2OR22-3	0	0
IGKV3OR22-2	0	0
IGKV1OR22-1	0	0
AC006548.28	18	32
GAB4	0	0
VN1R9P	0	0
AC006946.12	5	5
CECR6	21	24
CECR5	7886	4468
CECR1	85	71
CECR3	1	7
RN7SL843P	0	0
CLCP1	0	0
DNAJA1P6	0	0
AC004019.13	33	63
ATP6V1E1	5523	5869
BID	7081	0
MIR3198-1	0	5
MICAL3	3300	6362
XXbac-B461K10.4	0	0
MIR648	0	0
XXbac-B476C20.14	0	0
XXbac-B476C20.13	0	0
XXbac-B476C20.9	421	422
XXbac-B476C20.11	12	13
ARL2BPP10	21	24
AC008079.10	109	105
AC008079.9	5	15
AC011718.2	10	13
PPP1R26P3	0	0
XXbac-B33L19.6	0	2
XXbac-B33L19.12	0	35
GGTLC3	6	7
PI4KAP1	1301	2024
RN7SKP131	11	10
RIMBP3	368	470
XXbac-B33L19.10	0	1
CA15P2	8	9
PPP1R26P2	0	0
GGT3P	1739	1872
AC008132.14	0	0
BCRP7	12	56
AC008103.3	2	26
AC008103.4	0	0
PRODH	2099	2692
AC007326.10	0	0
AC007326.12	2	2
AC007326.9	3	0
AC000095.9	57	39
CA15P1	111	143
DGCR2	9547	10761
DGCR11	0	0
DGCR12	0	0
AC004471.10	19	19
DGCR14	1650	1417
GSC2	0	1
SLC25A1	12387	10002
CLTCL1	1120	1085
AC000081.2	0	0
HIRA	6440	8075
C22orf39	245	217
UFD1L	4581	5580
CLDN5	55	72
LINC00895	0	0
AC000077.2	0	2
GNB1L	5555	5815
C22orf29	0	0
TXNRD2	3292	4004
ARVCF	4587	3839
AC006547.13	1277	1736
AC006547.15	0	0
AC006547.8	0	946
TRMT2A	0	2987
MIR6816	0	0
CCDC188	7	12
XXbac-B444P24.8	0	2
RTN4R	281	316
MIR1286	0	0
DGCR6L	2700	3108
XXbac-B444P24.13	0	0
XXbac-B33L19.4	0	1
USP41	159	181
RNU6-225P	0	0
SCARF2	75	123
XXbac-B562F10.12	882	984
KLHL22	2972	3557
RNY1P9	0	0
RN7SL812P	0	0
KRT18P5	0	0
AC007050.17	29	60
CCDC74BP1	101	109
SMPD4P1	25	30
ABHD17AP4	283	297
BCRP5	9	6
PI4KA	3282	6689
AC007308.7	326	465
XXbac-B135H6.18	20	28
THAP7	1753	1698
TUBA3FP	0	102
SLC7A4	5	1
MIR649	0	0
P2RX6P	8	6
KB-1592A4.15	209	231
POM121L7	5	8
E2F6P2	560	602
KB-1592A4.14	0	3
GGT2	26	29
KB-1592A4.16	191	181
BCRP6	14	35
KB-1183D5.13	3	15
Metazoa_SRP	0	0
SCARNA17	0	0
Metazoa_SRP	0	1
PI4KAP2	1308	2099
RN7SKP221	8	8
RIMBP3C	355	415
YDJC	4750	4346
YPEL1	1654	1049
RN7SL280P	0	0
MAPK1	8673	9834
KB-1027C11.4	77	107
PPM1F	3010	3546
TOP3B	2305	2555
PRAMENP	12	23
ABHD17AP5	440	476
SOCS2P2	0	0
TOP3BP1	309	242
LL22NC03-123E1.5	1	6
LL22NC03-2H8.5	18	49
ZNF280B	10	15
ZNF280A	27	34
PRAME	18	6
POM121L1P	8	10
LL22NC03-102D1.18	0	0
LL22NC03-48A11.14	0	0
LL22NC03-24A12.9	0	0
RSPH14	851	1462
Metazoa_SRP	0	0
U7	0	0
BCRP8	13	9
RN7SL263P	9	16
AP000343.1	2	2
CES5AP1	43	64
ZDHHC8P1	186	217
AP000345.1	58	11
AP000345.4	0	0
IGLL1	2	1
KB-208E9.1	7	4
DRICH1	86	74
KB-1572G7.3	50	41
GUSBP11	1971	2574
AP000347.4	0	0
ASLP1	0	0
KB-1572G7.2	0	0
AP000347.2	0	0
ZNF70	246	267
VPREB3	10	5
CHCHD10	70	127
AP000349.2	0	47
DERL3	0	136
KB-1125A3.11	3	1
KB-1125A3.12	179	124
RN7SL268P	17	23
MIF-AS1	35471	15435
AP000350.5	122	176
GSTT2B	33	31
DDT	6158	3613
AP000351.3	0	0
AP000351.4	2	1
GSTTP1	7	8
AP000351.13	1	0
GGT5	133	179
GGTLC4P	1	0
BCRP1	15	23
AP000354.2	49	38
ADORA2A-AS1	91	86
GUCD1	8777	7402
LRRC75B	597	421
POM121L10P	4	3
LL22NC03-N95F10.1	0	0
PIWIL3	52	61
SNORD56	0	0
TMEM211	19	18
CTA-243E7.4	51	58
CTA-243E7.3	22	23
CTA-243E7.2	79	107
CTA-243E7.1	222	463
CTA-221G9.12	137	257
CTA-221G9.10	8	6
CTA-221G9.11	0	0
RP3-462D8.2	4	4
CTA-246H3.11	31	43
LRP5L	1446	2690
CTA-246H3.12	1	0
IGLVIVOR22-1	0	0
CTA-407F11.8	2	0
CTA-407F11.7	2	11
RNA5SP494	2	1
CTA-407F11.9	0	0
CTA-125H2.2	1	0
CTA-125H2.1	0	2
RN7SKP169	0	0
CTA-125H2.3	0	0
CTA-796E4.4	0	0
RP11-259P1.1	1	0
RNA5SP495	0	0
CTB-1048E9.7	3	4
HPS4	2011	1758
TFIP11	4285	4027
TPST2	8150	8116
MIR548J	0	0
CRYBB1	14	6
ISCA2P1	4	0
CTA-373H7.7	8	2
RP1-40G4P.1	353	168
CTA-992D9.6	0	0
RP5-1172A22.1	0	0
CTA-929C8.7	0	0
RP1-205F14P.1	0	3
RP11-46E17.6	0	0
RP1-231P7P.1	1	0
RP1-213J1P__B.1	2	2
MN1	40	64
PITPNB	2521	4093
MIR3199-1	0	5
TTC28	2984	4320
RN7SL757P	0	0
SNORD42	0	0
RN7SL162P	0	0
CHEK2	5284	5362
XBP1	0	105717
CTA-292E10.7	0	0
ZNRF3-AS1	41	100
C22orf31	7	15
CTA-747E2.10	51	59
RNU6-1219P	0	0
RHBDD3	3661	3381
RASL10A	87	197
AC002059.10	0	0
AP1B1	7783	14628
MIR3653	0	0
SNORD125	0	0
AC000041.8	0	1
RFPL1S	43	68
AC000035.3	0	0
THOC5	5120	5205
CTA-256D12.11	0	0
NIPSNAP1	6875	5994
RP1-76B20.11	10	6
RP1-76B20.12	0	0
ZMAT5	1056	920
ASCC2	1921	3093
RNU6-331P	10	4
RP3-394A18.1	3827	4037
HORMAD2-AS1	433	451
CNN2P1	0	0
CTA-85E5.7	0	0
CTA-85E5.6	2	0
RP3-438O4.4	53	36
LIF	455	664
OSM	4	5
RP1-102K2.9	4	6
GATSL3	484	726
RP1-130H16.18	860	1178
TBC1D10A	451	1213
SF3A1	1286	2398
RNF215	3468	2569
RP4-539M6.21	0	0
SEC14L3	12	22
SDC4P	0	0
SEC14L4	221	109
SEC14L6	22	7
GAL3ST1	92	49
PES1	8803	7081
DUSP18	525	738
CTA-963H5.5	0	0
MORC2	4018	5067
RP3-430N8.11	1895	3100
RP3-430N8.10	0	0
RP3-412A9.16	515	416
SELM	446	401
PLA2G3	238	223
RP3-412A9.15	0	0
MIR3928	0	4
RNF185-AS1	282	213
RNU6-1128P	0	0
Y_RNA	0	1
PIK3IP1	0	1236
PATZ1	6657	4946
RNU6-338P	0	0
EIF4ENIF1	2031	2425
RNU6-28P	0	0
H2AFZP6	1	6
RP11-247I13.6	3	5
PISD	0	6609
PRR14L	6387	8690
CTA-440B3.1	7	19
RP1-180M12.1	12	17
C22orf24	179	168
RN7SL305P	0	0
C22orf42	0	0
RP1-90G24.8	0	0
RFPL3-AS1_1	0	0
RFPL2	13	9
SLC5A4	84	92
RP1-149A16.12	0	1
IGLCOR22-2	0	0
RFPL3S	40	43
RTCB	6372	5995
BPIFC	41	28
SYN3	1154	964
RNA5SP497	0	0
RP1-302D9.1	0	0
LARGE1	16313	22946
MIR4764	0	0
SNORA50	0	0
SNORA76	0	0
LARGE-IT1	0	0
LL22NC03-13G6.2	2	0
RP1-101G11.2	8	4
RP1-288L1.5	0	1
RP1-288L1.4	0	1
ISX-AS1	1	3
LINC01399	280	462
COX7BP1	0	0
RP3-510H16.3	9	5
MIR6069	0	0
RP4-569D19.5	0	5
MB	1962	836
CITF22-62D4.1	0	0
RBFOX2	80565	51902
NDUFA9P1	0	0
CTA-212A2.1	2	0
APOL3	29	31
APOL4	5	2
APOL2	1259	978
MYH9	27767	29838
MIR6819	0	0
RPS15AP38	48	49
Y_RNA	0	0
RP5-1119A7.14	74	36
TXN2	604	824
FOXRED2	941	1743
EIF3D	13903	10581
RP5-1119A7.11	0	3
RP5-1119A7.17	0	0
CACNG2	34	33
IFT27	969	1234
PVALB	0	5
CTA-833B7.2	20	28
CSF2RBP1	0	0
TEX33	5	2
TST	5799	5964
RN7SKP214	2	5
TMPRSS6	184	247
IL2RB	8	36
C1QTNF6	1522	1579
SSTR3	10	18
RP1-151B14.9	0	0
RAC2	3	4
ELFN2	93	287
RP1-63G5.7	0	0
ELFN2	0	0
MFNG	54	61
CARD10	1367	1771
LGALS2	43	72
Z83844.1	695	959
RN7SL385P	8	5
ANKRD54	1348	1399
MIR659	0	0
C22orf23	547	590
SOX10	88	155
RP5-1039K5.16	5	4
RP5-1039K5.13	982	1298
SLC16A8	103	268
BAIAP2L2	231	0
PLA2G6	1502	1079
TMEM184B	2055	3781
Metazoa_SRP	0	0
CSNK1E	11805	9902
RP3-449O17.1	44	13
RP1-5O6.4	0	0
KCNJ4	54	112
DDX17	42832	30126
DMC1	435	401
RP1-199H16.6	3	2
FAM227A	563	798
RP3-508I15.10	147	101
RP3-508I15.9	922	679
JOSD1	4653	4018
PRDX3P1	17	38
SUN2	10868	7397
RP3-508I15.20	0	0
DNAL4	1	0
NPTXR	240	696
CBX6	3351	6215
APOBEC3B-AS1	25	56
CBX7	788	803
COX5BP7	0	0
PDGFB	5140	2998
RPL3	106655	63596
SNORD83B	0	0
SNORD83A	0	0
SNORD43	0	0
MGAT3-AS1	9	2
RPS19BP1	3753	3393
ENTHD1	1353	1420
RN7SKP210	0	0
RP3-496C20.1	21	8
RPL7P52	13	15
RP5-1042K10.10	185	223
MKL1	5534	6761
RPL4P6	0	0
GAPDHP37	0	0
SLC25A17	1623	2208
RP3-408N23.4	0	0
MIR4766	0	0
ST13	12631	10390
DNAJB7	108	97
Y_RNA	0	0
RP11-12M9.4	4	7
RP1-85F18.6	806	1549
EP300-AS1	162	171
LRRC37A14P	0	0
RP4-756G23.5	510	540
CHADL	951	942
RANGAP1	6467	8642
MIR6889	0	0
RNU6-495P	0	3
TOB2	1722	2516
PHF5A	2760	2759
POLR3H	4908	5148
PMM1	810	611
DESI1	1184	1882
Y_RNA	5	0
SNU13	2956	3132
HMGN2P10	3	1
RNU6ATAC22P	0	0
RP5-821D11.7	291	0
SHISA8	43	85
TNFRSF13C	11	29
CENPM	1426	1670
CTA-250D10.19	8	5
SLC25A5P1	9	8
NAGA	2005	1787
SNORD13P1	0	4
NDUFA6	3195	3082
RP1-257I20.14	0	0
OLA1P1	422	512
CYP2D6	82	97
RP4-669P10.16	516	580
CYP2D7	225	268
CYP2D8P	131	148
TCF20	4141	5901
LINC01315	41	41
NFAM1	34	61
RRP7A	4204	5160
RRP7BP	17053	13723
RN7SKP80	0	0
RNU6-513P	0	0
POLDIP3	2452	3203
CYB5R3	1110	1542
ATP5L2	0	0
A4GALT	1091	1451
Y_RNA	0	0
RPL5P34	1797	1253
RP1-47A17.1	25	21
ARFGAP3	2448	1961
PACSIN2	5645	5317
AL049758.2	0	0
TTLL1	403	388
MCAT	1221	1181
TTLL12	2949	3007
SCUBE1	61	34
EFCAB6	2604	2786
RP3-388M5.8	0	0
SULT4A1	3	0
PNPLA5	0	6
RP4-671O14.5	1	0
RP4-671O14.7	1	1
KIAA1644	15	15
RP1-32I10.11	0	0
MRPS18CP6	1	0
RP5-1033E15.3	6	0
LDOC1L	1063	1645
LINC00229	1	8
PHF21B	419	566
RP4-753M9.1	0	0
NUP50-AS1	758	1433
CTA-217C2.2	0	0
KIAA0930	3029	3749
MIR1249	0	0
CTA-268H5.14	8	3
SMC1B	165	198
RP1-102D24.5	30	46
LINC01589	0	0
RNU6-1161P	0	0
RP1-37M3.8	20	37
WI2-85898F10.1	103	68
WNT7B	1722	2893
LINC00899	8	6
PRR34	36	33
RP6-109B7.2	273	144
RP6-109B7.4	159	121
CDPF1	480	318
PKDREJ	28	51
GTSE1-AS1	118	83
CELSR1	7291	13183
RP5-996D20.3	0	0
CERK	948	844
CTA-29F11.1	249	141
U51561.1	19	25
FP325331.1	24	4
LL22NC03-75H12.2	3	10
LINC00898	143	60
RP11-191L9.5	35	26
CTA-280A3__B.2	0	0
LL22NC03-121E8.4	0	0
CTA-299D3.8	3	2
RPL35P8	0	0
C22orf34	18	48
MIR3667	0	0
RP1-29C18.9	0	0
RP1-29C18.8	0	0
RP5-983L19.2	0	0
RPL5P35	0	0
BRD1	3955	5357
RP3-522J7.6	6	9
ALG12	1957	1923
CITF22-49E9.3	50	15
IL17REL	302	194
TTLL8	44	23
MLC1	11	10
RP3-402G11.25	40	60
RP3-402G11.26	400	446
RP3-402G11.27	0	58
RP3-402G11.28	366	343
TUBGCP6	2606	3264
HDAC10	1436	1204
MAPK12	539	572
MAPK11	911	745
PLXNB2	16141	18687
DENND6B	521	613
SBF1	7657	8387
LMF2	1185	1803
SCO2	1588	1502
TYMP	505	319
ODF3B	228	148
CTA-384D8.35	1	1
SYCE3	20	32
CPT1B	1576	1345
CHKB-CPT1B	2128	1748
CHKB	220	335
ARSA	322	402
RNU6-409P	0	2
AC000036.4	0	1
AC002056.5	13	10
AC002056.3	103	134
RABL2B	824	990
